[2020-03-20 22:21:14,883] INFO Registered kafka:type=kafka.Log4jController MBean (kafka.utils.Log4jControllerRegistration$)
[2020-03-20 22:21:14,905] INFO Reading configuration from: /Users/vikram.krishnan/kafka/config/zookeeper.properties (org.apache.zookeeper.server.quorum.QuorumPeerConfig)
[2020-03-20 22:21:14,907] INFO autopurge.snapRetainCount set to 3 (org.apache.zookeeper.server.DatadirCleanupManager)
[2020-03-20 22:21:14,907] INFO autopurge.purgeInterval set to 0 (org.apache.zookeeper.server.DatadirCleanupManager)
[2020-03-20 22:21:14,907] INFO Purge task is not scheduled. (org.apache.zookeeper.server.DatadirCleanupManager)
[2020-03-20 22:21:14,907] WARN Either no config or no quorum defined in config, running  in standalone mode (org.apache.zookeeper.server.quorum.QuorumPeerMain)
[2020-03-20 22:21:14,922] INFO Reading configuration from: /Users/vikram.krishnan/kafka/config/zookeeper.properties (org.apache.zookeeper.server.quorum.QuorumPeerConfig)
[2020-03-20 22:21:14,922] INFO Starting server (org.apache.zookeeper.server.ZooKeeperServerMain)
[2020-03-20 22:21:14,935] INFO Server environment:zookeeper.version=3.4.13-2d71af4dbe22557fda74f9a9b4309b15a7487f03, built on 06/29/2018 00:39 GMT (org.apache.zookeeper.server.ZooKeeperServer)
[2020-03-20 22:21:14,935] INFO Server environment:host.name=itsg003877-mac (org.apache.zookeeper.server.ZooKeeperServer)
[2020-03-20 22:21:14,935] INFO Server environment:java.version=13.0.1 (org.apache.zookeeper.server.ZooKeeperServer)
[2020-03-20 22:21:14,935] INFO Server environment:java.vendor=Oracle Corporation (org.apache.zookeeper.server.ZooKeeperServer)
[2020-03-20 22:21:14,935] INFO Server environment:java.home=/Library/Java/JavaVirtualMachines/openjdk-13.0.1.jdk/Contents/Home (org.apache.zookeeper.server.ZooKeeperServer)
[2020-03-20 22:21:14,935] INFO Server environment:java.class.path=/Users/vikram.krishnan/kafka/bin/../libs/activation-1.1.1.jar:/Users/vikram.krishnan/kafka/bin/../libs/aopalliance-repackaged-2.5.0-b42.jar:/Users/vikram.krishnan/kafka/bin/../libs/argparse4j-0.7.0.jar:/Users/vikram.krishnan/kafka/bin/../libs/audience-annotations-0.5.0.jar:/Users/vikram.krishnan/kafka/bin/../libs/commons-lang3-3.5.jar:/Users/vikram.krishnan/kafka/bin/../libs/connect-api-2.0.0.jar:/Users/vikram.krishnan/kafka/bin/../libs/connect-basic-auth-extension-2.0.0.jar:/Users/vikram.krishnan/kafka/bin/../libs/connect-file-2.0.0.jar:/Users/vikram.krishnan/kafka/bin/../libs/connect-json-2.0.0.jar:/Users/vikram.krishnan/kafka/bin/../libs/connect-runtime-2.0.0.jar:/Users/vikram.krishnan/kafka/bin/../libs/connect-transforms-2.0.0.jar:/Users/vikram.krishnan/kafka/bin/../libs/guava-20.0.jar:/Users/vikram.krishnan/kafka/bin/../libs/hk2-api-2.5.0-b42.jar:/Users/vikram.krishnan/kafka/bin/../libs/hk2-locator-2.5.0-b42.jar:/Users/vikram.krishnan/kafka/bin/../libs/hk2-utils-2.5.0-b42.jar:/Users/vikram.krishnan/kafka/bin/../libs/jackson-annotations-2.9.6.jar:/Users/vikram.krishnan/kafka/bin/../libs/jackson-core-2.9.6.jar:/Users/vikram.krishnan/kafka/bin/../libs/jackson-databind-2.9.6.jar:/Users/vikram.krishnan/kafka/bin/../libs/jackson-jaxrs-base-2.9.6.jar:/Users/vikram.krishnan/kafka/bin/../libs/jackson-jaxrs-json-provider-2.9.6.jar:/Users/vikram.krishnan/kafka/bin/../libs/jackson-module-jaxb-annotations-2.9.6.jar:/Users/vikram.krishnan/kafka/bin/../libs/javassist-3.22.0-CR2.jar:/Users/vikram.krishnan/kafka/bin/../libs/javax.annotation-api-1.2.jar:/Users/vikram.krishnan/kafka/bin/../libs/javax.inject-1.jar:/Users/vikram.krishnan/kafka/bin/../libs/javax.inject-2.5.0-b42.jar:/Users/vikram.krishnan/kafka/bin/../libs/javax.servlet-api-3.1.0.jar:/Users/vikram.krishnan/kafka/bin/../libs/javax.ws.rs-api-2.1.jar:/Users/vikram.krishnan/kafka/bin/../libs/jaxb-api-2.3.0.jar:/Users/vikram.krishnan/kafka/bin/../libs/jersey-client-2.27.jar:/Users/vikram.krishnan/kafka/bin/../libs/jersey-common-2.27.jar:/Users/vikram.krishnan/kafka/bin/../libs/jersey-container-servlet-2.27.jar:/Users/vikram.krishnan/kafka/bin/../libs/jersey-container-servlet-core-2.27.jar:/Users/vikram.krishnan/kafka/bin/../libs/jersey-hk2-2.27.jar:/Users/vikram.krishnan/kafka/bin/../libs/jersey-media-jaxb-2.27.jar:/Users/vikram.krishnan/kafka/bin/../libs/jersey-server-2.27.jar:/Users/vikram.krishnan/kafka/bin/../libs/jetty-client-9.4.11.v20180605.jar:/Users/vikram.krishnan/kafka/bin/../libs/jetty-continuation-9.4.11.v20180605.jar:/Users/vikram.krishnan/kafka/bin/../libs/jetty-http-9.4.11.v20180605.jar:/Users/vikram.krishnan/kafka/bin/../libs/jetty-io-9.4.11.v20180605.jar:/Users/vikram.krishnan/kafka/bin/../libs/jetty-security-9.4.11.v20180605.jar:/Users/vikram.krishnan/kafka/bin/../libs/jetty-server-9.4.11.v20180605.jar:/Users/vikram.krishnan/kafka/bin/../libs/jetty-servlet-9.4.11.v20180605.jar:/Users/vikram.krishnan/kafka/bin/../libs/jetty-servlets-9.4.11.v20180605.jar:/Users/vikram.krishnan/kafka/bin/../libs/jetty-util-9.4.11.v20180605.jar:/Users/vikram.krishnan/kafka/bin/../libs/jopt-simple-5.0.4.jar:/Users/vikram.krishnan/kafka/bin/../libs/kafka-clients-2.0.0.jar:/Users/vikram.krishnan/kafka/bin/../libs/kafka-log4j-appender-2.0.0.jar:/Users/vikram.krishnan/kafka/bin/../libs/kafka-streams-2.0.0.jar:/Users/vikram.krishnan/kafka/bin/../libs/kafka-streams-examples-2.0.0.jar:/Users/vikram.krishnan/kafka/bin/../libs/kafka-streams-scala_2.12-2.0.0.jar:/Users/vikram.krishnan/kafka/bin/../libs/kafka-streams-test-utils-2.0.0.jar:/Users/vikram.krishnan/kafka/bin/../libs/kafka-tools-2.0.0.jar:/Users/vikram.krishnan/kafka/bin/../libs/kafka_2.12-2.0.0-sources.jar:/Users/vikram.krishnan/kafka/bin/../libs/kafka_2.12-2.0.0.jar:/Users/vikram.krishnan/kafka/bin/../libs/log4j-1.2.17.jar:/Users/vikram.krishnan/kafka/bin/../libs/lz4-java-1.4.1.jar:/Users/vikram.krishnan/kafka/bin/../libs/maven-artifact-3.5.3.jar:/Users/vikram.krishnan/kafka/bin/../libs/metrics-core-2.2.0.jar:/Users/vikram.krishnan/kafka/bin/../libs/osgi-resource-locator-1.0.1.jar:/Users/vikram.krishnan/kafka/bin/../libs/plexus-utils-3.1.0.jar:/Users/vikram.krishnan/kafka/bin/../libs/reflections-0.9.11.jar:/Users/vikram.krishnan/kafka/bin/../libs/rocksdbjni-5.7.3.jar:/Users/vikram.krishnan/kafka/bin/../libs/scala-library-2.12.6.jar:/Users/vikram.krishnan/kafka/bin/../libs/scala-logging_2.12-3.9.0.jar:/Users/vikram.krishnan/kafka/bin/../libs/scala-reflect-2.12.6.jar:/Users/vikram.krishnan/kafka/bin/../libs/slf4j-api-1.7.25.jar:/Users/vikram.krishnan/kafka/bin/../libs/slf4j-log4j12-1.7.25.jar:/Users/vikram.krishnan/kafka/bin/../libs/snappy-java-1.1.7.1.jar:/Users/vikram.krishnan/kafka/bin/../libs/validation-api-1.1.0.Final.jar:/Users/vikram.krishnan/kafka/bin/../libs/zkclient-0.10.jar:/Users/vikram.krishnan/kafka/bin/../libs/zookeeper-3.4.13.jar (org.apache.zookeeper.server.ZooKeeperServer)
[2020-03-20 22:21:14,935] INFO Server environment:java.library.path=/Users/vikram.krishnan/Library/Java/Extensions:/Library/Java/Extensions:/Network/Library/Java/Extensions:/System/Library/Java/Extensions:/usr/lib/java:. (org.apache.zookeeper.server.ZooKeeperServer)
[2020-03-20 22:21:14,935] INFO Server environment:java.io.tmpdir=/var/folders/02/bx3k6b314gbg9kjs_z0kmg_w0000gq/T/ (org.apache.zookeeper.server.ZooKeeperServer)
[2020-03-20 22:21:14,936] INFO Server environment:java.compiler=<NA> (org.apache.zookeeper.server.ZooKeeperServer)
[2020-03-20 22:21:14,936] INFO Server environment:os.name=Mac OS X (org.apache.zookeeper.server.ZooKeeperServer)
[2020-03-20 22:21:14,936] INFO Server environment:os.arch=x86_64 (org.apache.zookeeper.server.ZooKeeperServer)
[2020-03-20 22:21:14,936] INFO Server environment:os.version=10.14.6 (org.apache.zookeeper.server.ZooKeeperServer)
[2020-03-20 22:21:14,936] INFO Server environment:user.name=vikram.krishnan (org.apache.zookeeper.server.ZooKeeperServer)
[2020-03-20 22:21:14,936] INFO Server environment:user.home=/Users/vikram.krishnan (org.apache.zookeeper.server.ZooKeeperServer)
[2020-03-20 22:21:14,936] INFO Server environment:user.dir=/Users/vikram.krishnan/repos/my-repos/learning-kotlin/x12messaging/x01kafka/x03streams/src/main/resources (org.apache.zookeeper.server.ZooKeeperServer)
[2020-03-20 22:21:14,942] INFO tickTime set to 3000 (org.apache.zookeeper.server.ZooKeeperServer)
[2020-03-20 22:21:14,942] INFO minSessionTimeout set to -1 (org.apache.zookeeper.server.ZooKeeperServer)
[2020-03-20 22:21:14,942] INFO maxSessionTimeout set to -1 (org.apache.zookeeper.server.ZooKeeperServer)
[2020-03-20 22:21:14,955] INFO Using org.apache.zookeeper.server.NIOServerCnxnFactory as server connection factory (org.apache.zookeeper.server.ServerCnxnFactory)
[2020-03-20 22:21:14,961] INFO binding to port 0.0.0.0/0.0.0.0:2181 (org.apache.zookeeper.server.NIOServerCnxnFactory)
[2020-03-20 22:21:15,029] INFO Accepted socket connection from /127.0.0.1:65346 (org.apache.zookeeper.server.NIOServerCnxnFactory)
[2020-03-20 22:21:15,036] INFO Client attempting to establish new session at /127.0.0.1:65346 (org.apache.zookeeper.server.ZooKeeperServer)
[2020-03-20 22:21:15,036] INFO Creating new log file: log.be (org.apache.zookeeper.server.persistence.FileTxnLog)
[2020-03-20 22:21:15,048] INFO Established session 0x10007d25cf00000 with negotiated timeout 30000 for client /127.0.0.1:65346 (org.apache.zookeeper.server.ZooKeeperServer)
[2020-03-20 22:21:15,221] INFO Accepted socket connection from /0:0:0:0:0:0:0:1:65347 (org.apache.zookeeper.server.NIOServerCnxnFactory)
[2020-03-20 22:21:15,223] INFO Client attempting to renew session 0x1000769f9940001 at /0:0:0:0:0:0:0:1:65347 (org.apache.zookeeper.server.ZooKeeperServer)
[2020-03-20 22:21:15,223] INFO Established session 0x1000769f9940001 with negotiated timeout 6000 for client /0:0:0:0:0:0:0:1:65347 (org.apache.zookeeper.server.ZooKeeperServer)
[2020-03-20 22:21:15,233] INFO Processed session termination for sessionid: 0x10007d25cf00000 (org.apache.zookeeper.server.PrepRequestProcessor)
[2020-03-20 22:21:15,242] INFO Closed socket connection for client /127.0.0.1:65346 which had sessionid 0x10007d25cf00000 (org.apache.zookeeper.server.NIOServerCnxn)
[2020-03-20 22:21:15,260] INFO starting (kafka.server.KafkaServer)
[2020-03-20 22:21:15,261] INFO Connecting to zookeeper on localhost:2181 (kafka.server.KafkaServer)
[2020-03-20 22:21:15,278] INFO [ZooKeeperClient] Initializing a new session to localhost:2181. (kafka.zookeeper.ZooKeeperClient)
[2020-03-20 22:21:15,284] INFO Client environment:zookeeper.version=3.4.13-2d71af4dbe22557fda74f9a9b4309b15a7487f03, built on 06/29/2018 00:39 GMT (org.apache.zookeeper.ZooKeeper)
[2020-03-20 22:21:15,284] INFO Client environment:host.name=itsg003877-mac (org.apache.zookeeper.ZooKeeper)
[2020-03-20 22:21:15,284] INFO Client environment:java.version=13.0.1 (org.apache.zookeeper.ZooKeeper)
[2020-03-20 22:21:15,284] INFO Client environment:java.vendor=Oracle Corporation (org.apache.zookeeper.ZooKeeper)
[2020-03-20 22:21:15,284] INFO Client environment:java.home=/Library/Java/JavaVirtualMachines/openjdk-13.0.1.jdk/Contents/Home (org.apache.zookeeper.ZooKeeper)
[2020-03-20 22:21:15,284] INFO Client environment:java.class.path=/Users/vikram.krishnan/kafka/bin/../libs/activation-1.1.1.jar:/Users/vikram.krishnan/kafka/bin/../libs/aopalliance-repackaged-2.5.0-b42.jar:/Users/vikram.krishnan/kafka/bin/../libs/argparse4j-0.7.0.jar:/Users/vikram.krishnan/kafka/bin/../libs/audience-annotations-0.5.0.jar:/Users/vikram.krishnan/kafka/bin/../libs/commons-lang3-3.5.jar:/Users/vikram.krishnan/kafka/bin/../libs/connect-api-2.0.0.jar:/Users/vikram.krishnan/kafka/bin/../libs/connect-basic-auth-extension-2.0.0.jar:/Users/vikram.krishnan/kafka/bin/../libs/connect-file-2.0.0.jar:/Users/vikram.krishnan/kafka/bin/../libs/connect-json-2.0.0.jar:/Users/vikram.krishnan/kafka/bin/../libs/connect-runtime-2.0.0.jar:/Users/vikram.krishnan/kafka/bin/../libs/connect-transforms-2.0.0.jar:/Users/vikram.krishnan/kafka/bin/../libs/guava-20.0.jar:/Users/vikram.krishnan/kafka/bin/../libs/hk2-api-2.5.0-b42.jar:/Users/vikram.krishnan/kafka/bin/../libs/hk2-locator-2.5.0-b42.jar:/Users/vikram.krishnan/kafka/bin/../libs/hk2-utils-2.5.0-b42.jar:/Users/vikram.krishnan/kafka/bin/../libs/jackson-annotations-2.9.6.jar:/Users/vikram.krishnan/kafka/bin/../libs/jackson-core-2.9.6.jar:/Users/vikram.krishnan/kafka/bin/../libs/jackson-databind-2.9.6.jar:/Users/vikram.krishnan/kafka/bin/../libs/jackson-jaxrs-base-2.9.6.jar:/Users/vikram.krishnan/kafka/bin/../libs/jackson-jaxrs-json-provider-2.9.6.jar:/Users/vikram.krishnan/kafka/bin/../libs/jackson-module-jaxb-annotations-2.9.6.jar:/Users/vikram.krishnan/kafka/bin/../libs/javassist-3.22.0-CR2.jar:/Users/vikram.krishnan/kafka/bin/../libs/javax.annotation-api-1.2.jar:/Users/vikram.krishnan/kafka/bin/../libs/javax.inject-1.jar:/Users/vikram.krishnan/kafka/bin/../libs/javax.inject-2.5.0-b42.jar:/Users/vikram.krishnan/kafka/bin/../libs/javax.servlet-api-3.1.0.jar:/Users/vikram.krishnan/kafka/bin/../libs/javax.ws.rs-api-2.1.jar:/Users/vikram.krishnan/kafka/bin/../libs/jaxb-api-2.3.0.jar:/Users/vikram.krishnan/kafka/bin/../libs/jersey-client-2.27.jar:/Users/vikram.krishnan/kafka/bin/../libs/jersey-common-2.27.jar:/Users/vikram.krishnan/kafka/bin/../libs/jersey-container-servlet-2.27.jar:/Users/vikram.krishnan/kafka/bin/../libs/jersey-container-servlet-core-2.27.jar:/Users/vikram.krishnan/kafka/bin/../libs/jersey-hk2-2.27.jar:/Users/vikram.krishnan/kafka/bin/../libs/jersey-media-jaxb-2.27.jar:/Users/vikram.krishnan/kafka/bin/../libs/jersey-server-2.27.jar:/Users/vikram.krishnan/kafka/bin/../libs/jetty-client-9.4.11.v20180605.jar:/Users/vikram.krishnan/kafka/bin/../libs/jetty-continuation-9.4.11.v20180605.jar:/Users/vikram.krishnan/kafka/bin/../libs/jetty-http-9.4.11.v20180605.jar:/Users/vikram.krishnan/kafka/bin/../libs/jetty-io-9.4.11.v20180605.jar:/Users/vikram.krishnan/kafka/bin/../libs/jetty-security-9.4.11.v20180605.jar:/Users/vikram.krishnan/kafka/bin/../libs/jetty-server-9.4.11.v20180605.jar:/Users/vikram.krishnan/kafka/bin/../libs/jetty-servlet-9.4.11.v20180605.jar:/Users/vikram.krishnan/kafka/bin/../libs/jetty-servlets-9.4.11.v20180605.jar:/Users/vikram.krishnan/kafka/bin/../libs/jetty-util-9.4.11.v20180605.jar:/Users/vikram.krishnan/kafka/bin/../libs/jopt-simple-5.0.4.jar:/Users/vikram.krishnan/kafka/bin/../libs/kafka-clients-2.0.0.jar:/Users/vikram.krishnan/kafka/bin/../libs/kafka-log4j-appender-2.0.0.jar:/Users/vikram.krishnan/kafka/bin/../libs/kafka-streams-2.0.0.jar:/Users/vikram.krishnan/kafka/bin/../libs/kafka-streams-examples-2.0.0.jar:/Users/vikram.krishnan/kafka/bin/../libs/kafka-streams-scala_2.12-2.0.0.jar:/Users/vikram.krishnan/kafka/bin/../libs/kafka-streams-test-utils-2.0.0.jar:/Users/vikram.krishnan/kafka/bin/../libs/kafka-tools-2.0.0.jar:/Users/vikram.krishnan/kafka/bin/../libs/kafka_2.12-2.0.0-sources.jar:/Users/vikram.krishnan/kafka/bin/../libs/kafka_2.12-2.0.0.jar:/Users/vikram.krishnan/kafka/bin/../libs/log4j-1.2.17.jar:/Users/vikram.krishnan/kafka/bin/../libs/lz4-java-1.4.1.jar:/Users/vikram.krishnan/kafka/bin/../libs/maven-artifact-3.5.3.jar:/Users/vikram.krishnan/kafka/bin/../libs/metrics-core-2.2.0.jar:/Users/vikram.krishnan/kafka/bin/../libs/osgi-resource-locator-1.0.1.jar:/Users/vikram.krishnan/kafka/bin/../libs/plexus-utils-3.1.0.jar:/Users/vikram.krishnan/kafka/bin/../libs/reflections-0.9.11.jar:/Users/vikram.krishnan/kafka/bin/../libs/rocksdbjni-5.7.3.jar:/Users/vikram.krishnan/kafka/bin/../libs/scala-library-2.12.6.jar:/Users/vikram.krishnan/kafka/bin/../libs/scala-logging_2.12-3.9.0.jar:/Users/vikram.krishnan/kafka/bin/../libs/scala-reflect-2.12.6.jar:/Users/vikram.krishnan/kafka/bin/../libs/slf4j-api-1.7.25.jar:/Users/vikram.krishnan/kafka/bin/../libs/slf4j-log4j12-1.7.25.jar:/Users/vikram.krishnan/kafka/bin/../libs/snappy-java-1.1.7.1.jar:/Users/vikram.krishnan/kafka/bin/../libs/validation-api-1.1.0.Final.jar:/Users/vikram.krishnan/kafka/bin/../libs/zkclient-0.10.jar:/Users/vikram.krishnan/kafka/bin/../libs/zookeeper-3.4.13.jar (org.apache.zookeeper.ZooKeeper)
[2020-03-20 22:21:15,284] INFO Client environment:java.library.path=/Users/vikram.krishnan/Library/Java/Extensions:/Library/Java/Extensions:/Network/Library/Java/Extensions:/System/Library/Java/Extensions:/usr/lib/java:. (org.apache.zookeeper.ZooKeeper)
[2020-03-20 22:21:15,284] INFO Client environment:java.io.tmpdir=/var/folders/02/bx3k6b314gbg9kjs_z0kmg_w0000gq/T/ (org.apache.zookeeper.ZooKeeper)
[2020-03-20 22:21:15,284] INFO Client environment:java.compiler=<NA> (org.apache.zookeeper.ZooKeeper)
[2020-03-20 22:21:15,285] INFO Client environment:os.name=Mac OS X (org.apache.zookeeper.ZooKeeper)
[2020-03-20 22:21:15,285] INFO Client environment:os.arch=x86_64 (org.apache.zookeeper.ZooKeeper)
[2020-03-20 22:21:15,285] INFO Client environment:os.version=10.14.6 (org.apache.zookeeper.ZooKeeper)
[2020-03-20 22:21:15,285] INFO Client environment:user.name=vikram.krishnan (org.apache.zookeeper.ZooKeeper)
[2020-03-20 22:21:15,285] INFO Client environment:user.home=/Users/vikram.krishnan (org.apache.zookeeper.ZooKeeper)
[2020-03-20 22:21:15,285] INFO Client environment:user.dir=/Users/vikram.krishnan/repos/my-repos/learning-kotlin/x12messaging/x01kafka/x03streams/src/main/resources (org.apache.zookeeper.ZooKeeper)
[2020-03-20 22:21:15,286] INFO Initiating client connection, connectString=localhost:2181 sessionTimeout=6000 watcher=kafka.zookeeper.ZooKeeperClient$ZooKeeperClientWatcher$@4082ba93 (org.apache.zookeeper.ZooKeeper)
[2020-03-20 22:21:15,300] INFO [ZooKeeperClient] Waiting until connected. (kafka.zookeeper.ZooKeeperClient)
[2020-03-20 22:21:15,301] INFO Opening socket connection to server localhost/0:0:0:0:0:0:0:1:2181. Will not attempt to authenticate using SASL (unknown error) (org.apache.zookeeper.ClientCnxn)
[2020-03-20 22:21:15,311] INFO Accepted socket connection from /0:0:0:0:0:0:0:1:65349 (org.apache.zookeeper.server.NIOServerCnxnFactory)
[2020-03-20 22:21:15,312] INFO Socket connection established to localhost/0:0:0:0:0:0:0:1:2181, initiating session (org.apache.zookeeper.ClientCnxn)
[2020-03-20 22:21:15,316] INFO Client attempting to establish new session at /0:0:0:0:0:0:0:1:65349 (org.apache.zookeeper.server.ZooKeeperServer)
[2020-03-20 22:21:15,324] INFO Established session 0x10007d25cf00001 with negotiated timeout 6000 for client /0:0:0:0:0:0:0:1:65349 (org.apache.zookeeper.server.ZooKeeperServer)
[2020-03-20 22:21:15,327] INFO Session establishment complete on server localhost/0:0:0:0:0:0:0:1:2181, sessionid = 0x10007d25cf00001, negotiated timeout = 6000 (org.apache.zookeeper.ClientCnxn)
[2020-03-20 22:21:15,330] INFO [ZooKeeperClient] Connected. (kafka.zookeeper.ZooKeeperClient)
[2020-03-20 22:21:15,364] INFO Got user-level KeeperException when processing sessionid:0x10007d25cf00001 type:create cxid:0x1 zxid:0xc1 txntype:-1 reqpath:n/a Error Path:/consumers Error:KeeperErrorCode = NodeExists for /consumers (org.apache.zookeeper.server.PrepRequestProcessor)
[2020-03-20 22:21:15,379] INFO Got user-level KeeperException when processing sessionid:0x10007d25cf00001 type:create cxid:0x2 zxid:0xc2 txntype:-1 reqpath:n/a Error Path:/brokers/ids Error:KeeperErrorCode = NodeExists for /brokers/ids (org.apache.zookeeper.server.PrepRequestProcessor)
[2020-03-20 22:21:15,389] INFO Got user-level KeeperException when processing sessionid:0x10007d25cf00001 type:create cxid:0x3 zxid:0xc3 txntype:-1 reqpath:n/a Error Path:/brokers/topics Error:KeeperErrorCode = NodeExists for /brokers/topics (org.apache.zookeeper.server.PrepRequestProcessor)
[2020-03-20 22:21:15,398] INFO Got user-level KeeperException when processing sessionid:0x10007d25cf00001 type:create cxid:0x4 zxid:0xc4 txntype:-1 reqpath:n/a Error Path:/config/changes Error:KeeperErrorCode = NodeExists for /config/changes (org.apache.zookeeper.server.PrepRequestProcessor)
[2020-03-20 22:21:15,409] INFO Got user-level KeeperException when processing sessionid:0x10007d25cf00001 type:create cxid:0x5 zxid:0xc5 txntype:-1 reqpath:n/a Error Path:/admin/delete_topics Error:KeeperErrorCode = NodeExists for /admin/delete_topics (org.apache.zookeeper.server.PrepRequestProcessor)
[2020-03-20 22:21:15,419] INFO Got user-level KeeperException when processing sessionid:0x10007d25cf00001 type:create cxid:0x6 zxid:0xc6 txntype:-1 reqpath:n/a Error Path:/brokers/seqid Error:KeeperErrorCode = NodeExists for /brokers/seqid (org.apache.zookeeper.server.PrepRequestProcessor)
[2020-03-20 22:21:15,428] INFO Got user-level KeeperException when processing sessionid:0x10007d25cf00001 type:create cxid:0x7 zxid:0xc7 txntype:-1 reqpath:n/a Error Path:/isr_change_notification Error:KeeperErrorCode = NodeExists for /isr_change_notification (org.apache.zookeeper.server.PrepRequestProcessor)
[2020-03-20 22:21:15,437] INFO Got user-level KeeperException when processing sessionid:0x10007d25cf00001 type:create cxid:0x8 zxid:0xc8 txntype:-1 reqpath:n/a Error Path:/latest_producer_id_block Error:KeeperErrorCode = NodeExists for /latest_producer_id_block (org.apache.zookeeper.server.PrepRequestProcessor)
[2020-03-20 22:21:15,445] INFO Got user-level KeeperException when processing sessionid:0x10007d25cf00001 type:create cxid:0x9 zxid:0xc9 txntype:-1 reqpath:n/a Error Path:/log_dir_event_notification Error:KeeperErrorCode = NodeExists for /log_dir_event_notification (org.apache.zookeeper.server.PrepRequestProcessor)
[2020-03-20 22:21:15,453] INFO Got user-level KeeperException when processing sessionid:0x10007d25cf00001 type:create cxid:0xa zxid:0xca txntype:-1 reqpath:n/a Error Path:/config/topics Error:KeeperErrorCode = NodeExists for /config/topics (org.apache.zookeeper.server.PrepRequestProcessor)
[2020-03-20 22:21:15,461] INFO Got user-level KeeperException when processing sessionid:0x10007d25cf00001 type:create cxid:0xb zxid:0xcb txntype:-1 reqpath:n/a Error Path:/config/clients Error:KeeperErrorCode = NodeExists for /config/clients (org.apache.zookeeper.server.PrepRequestProcessor)
[2020-03-20 22:21:15,470] INFO Got user-level KeeperException when processing sessionid:0x10007d25cf00001 type:create cxid:0xc zxid:0xcc txntype:-1 reqpath:n/a Error Path:/config/users Error:KeeperErrorCode = NodeExists for /config/users (org.apache.zookeeper.server.PrepRequestProcessor)
[2020-03-20 22:21:15,478] INFO Got user-level KeeperException when processing sessionid:0x10007d25cf00001 type:create cxid:0xd zxid:0xcd txntype:-1 reqpath:n/a Error Path:/config/brokers Error:KeeperErrorCode = NodeExists for /config/brokers (org.apache.zookeeper.server.PrepRequestProcessor)
[2020-03-20 22:21:15,598] INFO Cluster ID = 6sxfULzFTUu_NBf8f6G_5g (kafka.server.KafkaServer)
[2020-03-20 22:21:15,653] INFO KafkaConfig values: 
	advertised.host.name = null
	advertised.listeners = null
	advertised.port = null
	alter.config.policy.class.name = null
	alter.log.dirs.replication.quota.window.num = 11
	alter.log.dirs.replication.quota.window.size.seconds = 1
	authorizer.class.name = 
	auto.create.topics.enable = true
	auto.leader.rebalance.enable = true
	background.threads = 10
	broker.id = 0
	broker.id.generation.enable = true
	broker.rack = null
	client.quota.callback.class = null
	compression.type = producer
	connections.max.idle.ms = 600000
	controlled.shutdown.enable = true
	controlled.shutdown.max.retries = 3
	controlled.shutdown.retry.backoff.ms = 5000
	controller.socket.timeout.ms = 30000
	create.topic.policy.class.name = null
	default.replication.factor = 1
	delegation.token.expiry.check.interval.ms = 3600000
	delegation.token.expiry.time.ms = 86400000
	delegation.token.master.key = null
	delegation.token.max.lifetime.ms = 604800000
	delete.records.purgatory.purge.interval.requests = 1
	delete.topic.enable = true
	fetch.purgatory.purge.interval.requests = 1000
	group.initial.rebalance.delay.ms = 0
	group.max.session.timeout.ms = 300000
	group.min.session.timeout.ms = 6000
	host.name = 
	inter.broker.listener.name = null
	inter.broker.protocol.version = 2.0-IV1
	leader.imbalance.check.interval.seconds = 300
	leader.imbalance.per.broker.percentage = 10
	listener.security.protocol.map = PLAINTEXT:PLAINTEXT,SSL:SSL,SASL_PLAINTEXT:SASL_PLAINTEXT,SASL_SSL:SASL_SSL
	listeners = null
	log.cleaner.backoff.ms = 15000
	log.cleaner.dedupe.buffer.size = 134217728
	log.cleaner.delete.retention.ms = 86400000
	log.cleaner.enable = true
	log.cleaner.io.buffer.load.factor = 0.9
	log.cleaner.io.buffer.size = 524288
	log.cleaner.io.max.bytes.per.second = 1.7976931348623157E308
	log.cleaner.min.cleanable.ratio = 0.5
	log.cleaner.min.compaction.lag.ms = 0
	log.cleaner.threads = 1
	log.cleanup.policy = [delete]
	log.dir = /tmp/kafka-logs
	log.dirs = /tmp/kafka-logs
	log.flush.interval.messages = 9223372036854775807
	log.flush.interval.ms = null
	log.flush.offset.checkpoint.interval.ms = 60000
	log.flush.scheduler.interval.ms = 9223372036854775807
	log.flush.start.offset.checkpoint.interval.ms = 60000
	log.index.interval.bytes = 4096
	log.index.size.max.bytes = 10485760
	log.message.downconversion.enable = true
	log.message.format.version = 2.0-IV1
	log.message.timestamp.difference.max.ms = 9223372036854775807
	log.message.timestamp.type = CreateTime
	log.preallocate = false
	log.retention.bytes = -1
	log.retention.check.interval.ms = 300000
	log.retention.hours = 168
	log.retention.minutes = null
	log.retention.ms = null
	log.roll.hours = 168
	log.roll.jitter.hours = 0
	log.roll.jitter.ms = null
	log.roll.ms = null
	log.segment.bytes = 1073741824
	log.segment.delete.delay.ms = 60000
	max.connections.per.ip = 2147483647
	max.connections.per.ip.overrides = 
	max.incremental.fetch.session.cache.slots = 1000
	message.max.bytes = 1000012
	metric.reporters = []
	metrics.num.samples = 2
	metrics.recording.level = INFO
	metrics.sample.window.ms = 30000
	min.insync.replicas = 1
	num.io.threads = 8
	num.network.threads = 3
	num.partitions = 1
	num.recovery.threads.per.data.dir = 1
	num.replica.alter.log.dirs.threads = null
	num.replica.fetchers = 1
	offset.metadata.max.bytes = 4096
	offsets.commit.required.acks = -1
	offsets.commit.timeout.ms = 5000
	offsets.load.buffer.size = 5242880
	offsets.retention.check.interval.ms = 600000
	offsets.retention.minutes = 10080
	offsets.topic.compression.codec = 0
	offsets.topic.num.partitions = 50
	offsets.topic.replication.factor = 1
	offsets.topic.segment.bytes = 104857600
	password.encoder.cipher.algorithm = AES/CBC/PKCS5Padding
	password.encoder.iterations = 4096
	password.encoder.key.length = 128
	password.encoder.keyfactory.algorithm = null
	password.encoder.old.secret = null
	password.encoder.secret = null
	port = 9092
	principal.builder.class = null
	producer.purgatory.purge.interval.requests = 1000
	queued.max.request.bytes = -1
	queued.max.requests = 500
	quota.consumer.default = 9223372036854775807
	quota.producer.default = 9223372036854775807
	quota.window.num = 11
	quota.window.size.seconds = 1
	replica.fetch.backoff.ms = 1000
	replica.fetch.max.bytes = 1048576
	replica.fetch.min.bytes = 1
	replica.fetch.response.max.bytes = 10485760
	replica.fetch.wait.max.ms = 500
	replica.high.watermark.checkpoint.interval.ms = 5000
	replica.lag.time.max.ms = 10000
	replica.socket.receive.buffer.bytes = 65536
	replica.socket.timeout.ms = 30000
	replication.quota.window.num = 11
	replication.quota.window.size.seconds = 1
	request.timeout.ms = 30000
	reserved.broker.max.id = 1000
	sasl.client.callback.handler.class = null
	sasl.enabled.mechanisms = [GSSAPI]
	sasl.jaas.config = null
	sasl.kerberos.kinit.cmd = /usr/bin/kinit
	sasl.kerberos.min.time.before.relogin = 60000
	sasl.kerberos.principal.to.local.rules = [DEFAULT]
	sasl.kerberos.service.name = null
	sasl.kerberos.ticket.renew.jitter = 0.05
	sasl.kerberos.ticket.renew.window.factor = 0.8
	sasl.login.callback.handler.class = null
	sasl.login.class = null
	sasl.login.refresh.buffer.seconds = 300
	sasl.login.refresh.min.period.seconds = 60
	sasl.login.refresh.window.factor = 0.8
	sasl.login.refresh.window.jitter = 0.05
	sasl.mechanism.inter.broker.protocol = GSSAPI
	sasl.server.callback.handler.class = null
	security.inter.broker.protocol = PLAINTEXT
	socket.receive.buffer.bytes = 102400
	socket.request.max.bytes = 104857600
	socket.send.buffer.bytes = 102400
	ssl.cipher.suites = []
	ssl.client.auth = none
	ssl.enabled.protocols = [TLSv1.2, TLSv1.1, TLSv1]
	ssl.endpoint.identification.algorithm = https
	ssl.key.password = null
	ssl.keymanager.algorithm = SunX509
	ssl.keystore.location = null
	ssl.keystore.password = null
	ssl.keystore.type = JKS
	ssl.protocol = TLS
	ssl.provider = null
	ssl.secure.random.implementation = null
	ssl.trustmanager.algorithm = PKIX
	ssl.truststore.location = null
	ssl.truststore.password = null
	ssl.truststore.type = JKS
	transaction.abort.timed.out.transaction.cleanup.interval.ms = 60000
	transaction.max.timeout.ms = 900000
	transaction.remove.expired.transaction.cleanup.interval.ms = 3600000
	transaction.state.log.load.buffer.size = 5242880
	transaction.state.log.min.isr = 1
	transaction.state.log.num.partitions = 50
	transaction.state.log.replication.factor = 1
	transaction.state.log.segment.bytes = 104857600
	transactional.id.expiration.ms = 604800000
	unclean.leader.election.enable = false
	zookeeper.connect = localhost:2181
	zookeeper.connection.timeout.ms = 6000
	zookeeper.max.in.flight.requests = 10
	zookeeper.session.timeout.ms = 6000
	zookeeper.set.acl = false
	zookeeper.sync.time.ms = 2000
 (kafka.server.KafkaConfig)
[2020-03-20 22:21:15,660] INFO KafkaConfig values: 
	advertised.host.name = null
	advertised.listeners = null
	advertised.port = null
	alter.config.policy.class.name = null
	alter.log.dirs.replication.quota.window.num = 11
	alter.log.dirs.replication.quota.window.size.seconds = 1
	authorizer.class.name = 
	auto.create.topics.enable = true
	auto.leader.rebalance.enable = true
	background.threads = 10
	broker.id = 0
	broker.id.generation.enable = true
	broker.rack = null
	client.quota.callback.class = null
	compression.type = producer
	connections.max.idle.ms = 600000
	controlled.shutdown.enable = true
	controlled.shutdown.max.retries = 3
	controlled.shutdown.retry.backoff.ms = 5000
	controller.socket.timeout.ms = 30000
	create.topic.policy.class.name = null
	default.replication.factor = 1
	delegation.token.expiry.check.interval.ms = 3600000
	delegation.token.expiry.time.ms = 86400000
	delegation.token.master.key = null
	delegation.token.max.lifetime.ms = 604800000
	delete.records.purgatory.purge.interval.requests = 1
	delete.topic.enable = true
	fetch.purgatory.purge.interval.requests = 1000
	group.initial.rebalance.delay.ms = 0
	group.max.session.timeout.ms = 300000
	group.min.session.timeout.ms = 6000
	host.name = 
	inter.broker.listener.name = null
	inter.broker.protocol.version = 2.0-IV1
	leader.imbalance.check.interval.seconds = 300
	leader.imbalance.per.broker.percentage = 10
	listener.security.protocol.map = PLAINTEXT:PLAINTEXT,SSL:SSL,SASL_PLAINTEXT:SASL_PLAINTEXT,SASL_SSL:SASL_SSL
	listeners = null
	log.cleaner.backoff.ms = 15000
	log.cleaner.dedupe.buffer.size = 134217728
	log.cleaner.delete.retention.ms = 86400000
	log.cleaner.enable = true
	log.cleaner.io.buffer.load.factor = 0.9
	log.cleaner.io.buffer.size = 524288
	log.cleaner.io.max.bytes.per.second = 1.7976931348623157E308
	log.cleaner.min.cleanable.ratio = 0.5
	log.cleaner.min.compaction.lag.ms = 0
	log.cleaner.threads = 1
	log.cleanup.policy = [delete]
	log.dir = /tmp/kafka-logs
	log.dirs = /tmp/kafka-logs
	log.flush.interval.messages = 9223372036854775807
	log.flush.interval.ms = null
	log.flush.offset.checkpoint.interval.ms = 60000
	log.flush.scheduler.interval.ms = 9223372036854775807
	log.flush.start.offset.checkpoint.interval.ms = 60000
	log.index.interval.bytes = 4096
	log.index.size.max.bytes = 10485760
	log.message.downconversion.enable = true
	log.message.format.version = 2.0-IV1
	log.message.timestamp.difference.max.ms = 9223372036854775807
	log.message.timestamp.type = CreateTime
	log.preallocate = false
	log.retention.bytes = -1
	log.retention.check.interval.ms = 300000
	log.retention.hours = 168
	log.retention.minutes = null
	log.retention.ms = null
	log.roll.hours = 168
	log.roll.jitter.hours = 0
	log.roll.jitter.ms = null
	log.roll.ms = null
	log.segment.bytes = 1073741824
	log.segment.delete.delay.ms = 60000
	max.connections.per.ip = 2147483647
	max.connections.per.ip.overrides = 
	max.incremental.fetch.session.cache.slots = 1000
	message.max.bytes = 1000012
	metric.reporters = []
	metrics.num.samples = 2
	metrics.recording.level = INFO
	metrics.sample.window.ms = 30000
	min.insync.replicas = 1
	num.io.threads = 8
	num.network.threads = 3
	num.partitions = 1
	num.recovery.threads.per.data.dir = 1
	num.replica.alter.log.dirs.threads = null
	num.replica.fetchers = 1
	offset.metadata.max.bytes = 4096
	offsets.commit.required.acks = -1
	offsets.commit.timeout.ms = 5000
	offsets.load.buffer.size = 5242880
	offsets.retention.check.interval.ms = 600000
	offsets.retention.minutes = 10080
	offsets.topic.compression.codec = 0
	offsets.topic.num.partitions = 50
	offsets.topic.replication.factor = 1
	offsets.topic.segment.bytes = 104857600
	password.encoder.cipher.algorithm = AES/CBC/PKCS5Padding
	password.encoder.iterations = 4096
	password.encoder.key.length = 128
	password.encoder.keyfactory.algorithm = null
	password.encoder.old.secret = null
	password.encoder.secret = null
	port = 9092
	principal.builder.class = null
	producer.purgatory.purge.interval.requests = 1000
	queued.max.request.bytes = -1
	queued.max.requests = 500
	quota.consumer.default = 9223372036854775807
	quota.producer.default = 9223372036854775807
	quota.window.num = 11
	quota.window.size.seconds = 1
	replica.fetch.backoff.ms = 1000
	replica.fetch.max.bytes = 1048576
	replica.fetch.min.bytes = 1
	replica.fetch.response.max.bytes = 10485760
	replica.fetch.wait.max.ms = 500
	replica.high.watermark.checkpoint.interval.ms = 5000
	replica.lag.time.max.ms = 10000
	replica.socket.receive.buffer.bytes = 65536
	replica.socket.timeout.ms = 30000
	replication.quota.window.num = 11
	replication.quota.window.size.seconds = 1
	request.timeout.ms = 30000
	reserved.broker.max.id = 1000
	sasl.client.callback.handler.class = null
	sasl.enabled.mechanisms = [GSSAPI]
	sasl.jaas.config = null
	sasl.kerberos.kinit.cmd = /usr/bin/kinit
	sasl.kerberos.min.time.before.relogin = 60000
	sasl.kerberos.principal.to.local.rules = [DEFAULT]
	sasl.kerberos.service.name = null
	sasl.kerberos.ticket.renew.jitter = 0.05
	sasl.kerberos.ticket.renew.window.factor = 0.8
	sasl.login.callback.handler.class = null
	sasl.login.class = null
	sasl.login.refresh.buffer.seconds = 300
	sasl.login.refresh.min.period.seconds = 60
	sasl.login.refresh.window.factor = 0.8
	sasl.login.refresh.window.jitter = 0.05
	sasl.mechanism.inter.broker.protocol = GSSAPI
	sasl.server.callback.handler.class = null
	security.inter.broker.protocol = PLAINTEXT
	socket.receive.buffer.bytes = 102400
	socket.request.max.bytes = 104857600
	socket.send.buffer.bytes = 102400
	ssl.cipher.suites = []
	ssl.client.auth = none
	ssl.enabled.protocols = [TLSv1.2, TLSv1.1, TLSv1]
	ssl.endpoint.identification.algorithm = https
	ssl.key.password = null
	ssl.keymanager.algorithm = SunX509
	ssl.keystore.location = null
	ssl.keystore.password = null
	ssl.keystore.type = JKS
	ssl.protocol = TLS
	ssl.provider = null
	ssl.secure.random.implementation = null
	ssl.trustmanager.algorithm = PKIX
	ssl.truststore.location = null
	ssl.truststore.password = null
	ssl.truststore.type = JKS
	transaction.abort.timed.out.transaction.cleanup.interval.ms = 60000
	transaction.max.timeout.ms = 900000
	transaction.remove.expired.transaction.cleanup.interval.ms = 3600000
	transaction.state.log.load.buffer.size = 5242880
	transaction.state.log.min.isr = 1
	transaction.state.log.num.partitions = 50
	transaction.state.log.replication.factor = 1
	transaction.state.log.segment.bytes = 104857600
	transactional.id.expiration.ms = 604800000
	unclean.leader.election.enable = false
	zookeeper.connect = localhost:2181
	zookeeper.connection.timeout.ms = 6000
	zookeeper.max.in.flight.requests = 10
	zookeeper.session.timeout.ms = 6000
	zookeeper.set.acl = false
	zookeeper.sync.time.ms = 2000
 (kafka.server.KafkaConfig)
[2020-03-20 22:21:15,682] INFO [ThrottledChannelReaper-Produce]: Starting (kafka.server.ClientQuotaManager$ThrottledChannelReaper)
[2020-03-20 22:21:15,682] INFO [ThrottledChannelReaper-Fetch]: Starting (kafka.server.ClientQuotaManager$ThrottledChannelReaper)
[2020-03-20 22:21:15,684] INFO [ThrottledChannelReaper-Request]: Starting (kafka.server.ClientQuotaManager$ThrottledChannelReaper)
[2020-03-20 22:21:15,713] ERROR [KafkaServer id=0] Fatal error during KafkaServer startup. Prepare to shutdown (kafka.server.KafkaServer)
org.apache.kafka.common.KafkaException: Failed to acquire lock on file .lock in /tmp/kafka-logs. A Kafka instance in another process or thread is using this directory.
	at kafka.log.LogManager.$anonfun$lockLogDirs$1(LogManager.scala:241)
	at scala.collection.TraversableLike.$anonfun$flatMap$1(TraversableLike.scala:241)
	at scala.collection.mutable.ResizableArray.foreach(ResizableArray.scala:59)
	at scala.collection.mutable.ResizableArray.foreach$(ResizableArray.scala:52)
	at scala.collection.mutable.ArrayBuffer.foreach(ArrayBuffer.scala:48)
	at scala.collection.TraversableLike.flatMap(TraversableLike.scala:241)
	at scala.collection.TraversableLike.flatMap$(TraversableLike.scala:238)
	at scala.collection.AbstractTraversable.flatMap(Traversable.scala:104)
	at kafka.log.LogManager.lockLogDirs(LogManager.scala:236)
	at kafka.log.LogManager.<init>(LogManager.scala:97)
	at kafka.log.LogManager$.apply(LogManager.scala:968)
	at kafka.server.KafkaServer.startup(KafkaServer.scala:237)
	at kafka.server.KafkaServerStartable.startup(KafkaServerStartable.scala:38)
	at kafka.Kafka$.main(Kafka.scala:75)
	at kafka.Kafka.main(Kafka.scala)
[2020-03-20 22:21:15,715] INFO [KafkaServer id=0] shutting down (kafka.server.KafkaServer)
[2020-03-20 22:21:15,719] INFO [ZooKeeperClient] Closing. (kafka.zookeeper.ZooKeeperClient)
[2020-03-20 22:21:15,720] INFO Processed session termination for sessionid: 0x10007d25cf00001 (org.apache.zookeeper.server.PrepRequestProcessor)
[2020-03-20 22:21:15,727] INFO Session: 0x10007d25cf00001 closed (org.apache.zookeeper.ZooKeeper)
[2020-03-20 22:21:15,727] INFO Closed socket connection for client /0:0:0:0:0:0:0:1:65349 which had sessionid 0x10007d25cf00001 (org.apache.zookeeper.server.NIOServerCnxn)
[2020-03-20 22:21:15,728] INFO EventThread shut down for session: 0x10007d25cf00001 (org.apache.zookeeper.ClientCnxn)
[2020-03-20 22:21:15,731] INFO [ZooKeeperClient] Closed. (kafka.zookeeper.ZooKeeperClient)
[2020-03-20 22:21:15,732] INFO [ThrottledChannelReaper-Fetch]: Shutting down (kafka.server.ClientQuotaManager$ThrottledChannelReaper)
[2020-03-20 22:21:16,646] INFO Processed session termination for sessionid: 0x1000769f9940001 (org.apache.zookeeper.server.PrepRequestProcessor)
[2020-03-20 22:21:16,654] INFO Closed socket connection for client /0:0:0:0:0:0:0:1:65347 which had sessionid 0x1000769f9940001 (org.apache.zookeeper.server.NIOServerCnxn)
[2020-03-20 22:21:16,688] INFO [ThrottledChannelReaper-Fetch]: Shutdown completed (kafka.server.ClientQuotaManager$ThrottledChannelReaper)
[2020-03-20 22:21:16,688] INFO [ThrottledChannelReaper-Produce]: Shutting down (kafka.server.ClientQuotaManager$ThrottledChannelReaper)
[2020-03-20 22:21:16,688] INFO [ThrottledChannelReaper-Fetch]: Stopped (kafka.server.ClientQuotaManager$ThrottledChannelReaper)
[2020-03-20 22:21:16,835] INFO Accepted socket connection from /0:0:0:0:0:0:0:1:65351 (org.apache.zookeeper.server.NIOServerCnxnFactory)
[2020-03-20 22:21:16,839] INFO Client attempting to establish new session at /0:0:0:0:0:0:0:1:65351 (org.apache.zookeeper.server.ZooKeeperServer)
[2020-03-20 22:21:16,847] INFO Established session 0x10007d25cf00002 with negotiated timeout 30000 for client /0:0:0:0:0:0:0:1:65351 (org.apache.zookeeper.server.ZooKeeperServer)
[2020-03-20 22:21:16,889] INFO Processed session termination for sessionid: 0x10007d25cf00002 (org.apache.zookeeper.server.PrepRequestProcessor)
[2020-03-20 22:21:16,896] INFO Closed socket connection for client /0:0:0:0:0:0:0:1:65351 which had sessionid 0x10007d25cf00002 (org.apache.zookeeper.server.NIOServerCnxn)
[2020-03-20 22:21:17,690] INFO [ThrottledChannelReaper-Produce]: Stopped (kafka.server.ClientQuotaManager$ThrottledChannelReaper)
[2020-03-20 22:21:17,690] INFO [ThrottledChannelReaper-Produce]: Shutdown completed (kafka.server.ClientQuotaManager$ThrottledChannelReaper)
[2020-03-20 22:21:17,690] INFO [ThrottledChannelReaper-Request]: Shutting down (kafka.server.ClientQuotaManager$ThrottledChannelReaper)
[2020-03-20 22:21:18,693] INFO [ThrottledChannelReaper-Request]: Stopped (kafka.server.ClientQuotaManager$ThrottledChannelReaper)
[2020-03-20 22:21:18,693] INFO [ThrottledChannelReaper-Request]: Shutdown completed (kafka.server.ClientQuotaManager$ThrottledChannelReaper)
[2020-03-20 22:21:18,703] INFO [KafkaServer id=0] shut down completed (kafka.server.KafkaServer)
[2020-03-20 22:21:18,704] ERROR Exiting Kafka. (kafka.server.KafkaServerStartable)
[2020-03-20 22:21:18,705] INFO [KafkaServer id=0] shutting down (kafka.server.KafkaServer)
[2020-03-20 22:21:40,602] INFO Accepted socket connection from /127.0.0.1:65355 (org.apache.zookeeper.server.NIOServerCnxnFactory)
[2020-03-20 22:21:40,606] INFO Client attempting to establish new session at /127.0.0.1:65355 (org.apache.zookeeper.server.ZooKeeperServer)
[2020-03-20 22:21:40,633] INFO Established session 0x10007d25cf00003 with negotiated timeout 30000 for client /127.0.0.1:65355 (org.apache.zookeeper.server.ZooKeeperServer)
[2020-03-20 22:21:40,675] INFO Processed session termination for sessionid: 0x10007d25cf00003 (org.apache.zookeeper.server.PrepRequestProcessor)
[2020-03-20 22:21:40,680] INFO Closed socket connection for client /127.0.0.1:65355 which had sessionid 0x10007d25cf00003 (org.apache.zookeeper.server.NIOServerCnxn)
